<?xml version="1.0" encoding="UTF-8"?>
<!-- Generated by org.testng.reporters.JUnitReportReporter -->
<testsuite skipped="0" hostname="Beast" name="com.epam.transavia.FindFlightFromDubai" tests="1" failures="0" timestamp="11 авг 2017 07:48:49 GMT" time="18.347" errors="0">
  <testcase name="doFly" time="18.347" classname="com.epam.transavia.FindFlightFromDubai"/>
</testsuite> <!-- com.epam.transavia.FindFlightFromDubai -->
