<?xml version="1.0" encoding="UTF-8"?>
<!-- Generated by org.testng.reporters.JUnitReportReporter -->
<testsuite skipped="0" hostname="Beast" name="com.epam.transavia.TotalSumTickets" tests="1" failures="0" timestamp="13 авг 2017 08:19:47 GMT" time="32.264" errors="0">
  <testcase name="buyTickets" time="32.264" classname="com.epam.transavia.TotalSumTickets"/>
</testsuite> <!-- com.epam.transavia.TotalSumTickets -->
