<?xml version="1.0" encoding="UTF-8"?>
<!-- Generated by org.testng.reporters.JUnitReportReporter -->
<testsuite skipped="0" hostname="Beast" name="com.epam.transavia.CheckMultipleFlight" tests="1" failures="0" timestamp="13 авг 2017 08:03:16 GMT" time="22.287" errors="0">
  <testcase name="checkFlight" time="22.287" classname="com.epam.transavia.CheckMultipleFlight"/>
</testsuite> <!-- com.epam.transavia.CheckMultipleFlight -->
