<?xml version="1.0" encoding="UTF-8"?>
<!-- Generated by org.testng.reporters.JUnitReportReporter -->
<testsuite skipped="0" hostname="Beast" name="com.epam.transavia.OneWayTicket" tests="1" failures="0" timestamp="13 авг 2017 08:01:29 GMT" time="19.256" errors="0">
  <testcase name="findDestination" time="19.256" classname="com.epam.transavia.OneWayTicket"/>
</testsuite> <!-- com.epam.transavia.OneWayTicket -->
