<?xml version="1.0" encoding="UTF-8"?>
<!-- Generated by org.testng.reporters.JUnitReportReporter -->
<testsuite skipped="0" hostname="Beast" name="com.epam.transavia.VideoLinkTest" tests="1" failures="0" timestamp="21 авг 2017 07:55:41 GMT" time="12.079" errors="0">
  <testcase name="getVideoTest" time="12.079" classname="com.epam.transavia.VideoLinkTest"/>
</testsuite> <!-- com.epam.transavia.VideoLinkTest -->
