<?xml version="1.0" encoding="UTF-8"?>
<!-- Generated by org.testng.reporters.JUnitReportReporter -->
<testsuite skipped="0" hostname="Beast" name="com.epam.transavia.LowCostTicketTest" tests="1" failures="0" timestamp="21 авг 2017 19:56:05 GMT" time="16.944" errors="0">
  <testcase name="findFlight" time="16.944" classname="com.epam.transavia.LowCostTicketTest"/>
</testsuite> <!-- com.epam.transavia.LowCostTicketTest -->
