<?xml version="1.0" encoding="UTF-8"?>
<!-- Generated by org.testng.reporters.JUnitReportReporter -->
<testsuite skipped="0" hostname="Beast" name="com.epam.transavia.FindFlightFromDubaiTest" tests="1" failures="0" timestamp="21 авг 2017 19:56:05 GMT" time="13.384" errors="0">
  <testcase name="findFlightFromDubai" time="13.384" classname="com.epam.transavia.FindFlightFromDubaiTest"/>
</testsuite> <!-- com.epam.transavia.FindFlightFromDubaiTest -->
