<?xml version="1.0" encoding="UTF-8"?>
<!-- Generated by org.testng.reporters.JUnitReportReporter -->
<testsuite skipped="0" hostname="Beast" name="com.epam.transavia.TotalSumTicketsTest" tests="1" failures="0" timestamp="21 авг 2017 19:56:05 GMT" time="25.742" errors="0">
  <testcase name="buyTicketsTest" time="25.742" classname="com.epam.transavia.TotalSumTicketsTest"/>
</testsuite> <!-- com.epam.transavia.TotalSumTicketsTest -->
