<?xml version="1.0" encoding="UTF-8"?>
<!-- Generated by org.testng.reporters.JUnitReportReporter -->
<testsuite skipped="0" hostname="Beast" name="com.epam.transavia.VideoLinkTest" tests="1" failures="0" timestamp="21 авг 2017 19:56:05 GMT" time="23.918" errors="0">
  <testcase name="getVideoTest" time="23.918" classname="com.epam.transavia.VideoLinkTest"/>
</testsuite> <!-- com.epam.transavia.VideoLinkTest -->
