<?xml version="1.0" encoding="UTF-8"?>
<!-- Generated by org.testng.reporters.JUnitReportReporter -->
<testsuite skipped="0" hostname="Beast" name="com.epam.transavia.SumAndAmount" tests="1" failures="0" timestamp="11 авг 2017 07:50:00 GMT" time="32.934" errors="0">
  <testcase name="doFly" time="32.934" classname="com.epam.transavia.SumAndAmount"/>
</testsuite> <!-- com.epam.transavia.SumAndAmount -->
