<?xml version="1.0" encoding="UTF-8"?>
<!-- Generated by org.testng.reporters.JUnitReportReporter -->
<testsuite skipped="0" hostname="Beast" name="com.epam.transavia.ArrivalTimeTest" tests="1" failures="0" timestamp="21 авг 2017 07:55:41 GMT" time="16.013" errors="0">
  <testcase name="findBookingFlight" time="16.013" classname="com.epam.transavia.ArrivalTimeTest"/>
</testsuite> <!-- com.epam.transavia.ArrivalTimeTest -->
