<?xml version="1.0" encoding="UTF-8"?>
<!-- Generated by org.testng.reporters.JUnitReportReporter -->
<testsuite skipped="0" hostname="Beast" name="com.epam.transavia.OneWayTicketTest" tests="1" failures="0" timestamp="21 авг 2017 08:03:03 GMT" time="25.168" errors="0">
  <testcase name="findDestination" time="25.168" classname="com.epam.transavia.OneWayTicketTest"/>
</testsuite> <!-- com.epam.transavia.OneWayTicketTest -->
