<?xml version="1.0" encoding="UTF-8"?>
<!-- Generated by org.testng.reporters.JUnitReportReporter -->
<testsuite skipped="0" hostname="Beast" name="com.epam.transavia.VideoLinkTest" tests="1" failures="0" timestamp="21 авг 2017 20:04:23 GMT" time="15.222" errors="0">
  <testcase name="getVideoTest" time="15.222" classname="com.epam.transavia.VideoLinkTest"/>
</testsuite> <!-- com.epam.transavia.VideoLinkTest -->
