<?xml version="1.0" encoding="UTF-8"?>
<!-- Generated by org.testng.reporters.JUnitReportReporter -->
<testsuite skipped="0" hostname="Beast" name="com.epam.transavia.SumAndAmountTest" tests="1" failures="0" timestamp="21 авг 2017 20:04:23 GMT" time="18.874" errors="0">
  <testcase name="doCompareSumAndAmount" time="18.874" classname="com.epam.transavia.SumAndAmountTest"/>
</testsuite> <!-- com.epam.transavia.SumAndAmountTest -->
