<?xml version="1.0" encoding="UTF-8"?>
<!-- Generated by org.testng.reporters.JUnitReportReporter -->
<testsuite skipped="0" hostname="Beast" name="com.epam.transavia.CheckMultipleFlightTest" tests="1" failures="0" timestamp="21 авг 2017 08:03:03 GMT" time="20.089" errors="0">
  <testcase name="checkFlight" time="20.089" classname="com.epam.transavia.CheckMultipleFlightTest"/>
</testsuite> <!-- com.epam.transavia.CheckMultipleFlightTest -->
