<?xml version="1.0" encoding="UTF-8"?>
<!-- Generated by org.testng.reporters.JUnitReportReporter -->
<testsuite skipped="0" hostname="Beast" name="com.epam.transavia.SingleFlyTest" tests="1" failures="0" timestamp="21 авг 2017 08:03:03 GMT" time="17.015" errors="0">
  <testcase name="doFly" time="17.015" classname="com.epam.transavia.SingleFlyTest"/>
</testsuite> <!-- com.epam.transavia.SingleFlyTest -->
