<?xml version="1.0" encoding="UTF-8"?>
<!-- Generated by org.testng.reporters.JUnitReportReporter -->
<testsuite skipped="0" hostname="Beast" name="com.epam.transavia.TotalSumTicketsTest" tests="1" failures="0" timestamp="21 авг 2017 20:04:23 GMT" time="54.854" errors="0">
  <testcase name="buyTicketsTest" time="54.854" classname="com.epam.transavia.TotalSumTicketsTest"/>
</testsuite> <!-- com.epam.transavia.TotalSumTicketsTest -->
