<?xml version="1.0" encoding="UTF-8"?>
<!-- Generated by org.testng.reporters.JUnitReportReporter -->
<testsuite skipped="0" hostname="Beast" name="com.epam.transavia.OneWayTicketTest" tests="1" failures="0" timestamp="21 авг 2017 20:04:23 GMT" time="15.518" errors="0">
  <testcase name="findDestination" time="15.518" classname="com.epam.transavia.OneWayTicketTest"/>
</testsuite> <!-- com.epam.transavia.OneWayTicketTest -->
